Fletore running at http://0.0.0.0:8080
NotFoundError: Not Found
    at createHttpError (/home/vjoli/.openclaw/workspace/node_modules/send/index.js:861:12)
    at SendStream.error (/home/vjoli/.openclaw/workspace/node_modules/send/index.js:168:31)
    at SendStream.pipe (/home/vjoli/.openclaw/workspace/node_modules/send/index.js:468:14)
    at sendfile (/home/vjoli/.openclaw/workspace/node_modules/express/lib/response.js:1014:8)
    at ServerResponse.sendFile (/home/vjoli/.openclaw/workspace/node_modules/express/lib/response.js:411:3)
    at /home/vjoli/.openclaw/workspace/fletorja/server.js:47:9
    at Layer.handleRequest (/home/vjoli/.openclaw/workspace/node_modules/router/lib/layer.js:152:17)
    at next (/home/vjoli/.openclaw/workspace/node_modules/router/lib/route.js:157:13)
    at Route.dispatch (/home/vjoli/.openclaw/workspace/node_modules/router/lib/route.js:117:3)
    at handle (/home/vjoli/.openclaw/workspace/node_modules/router/index.js:435:11)
NotFoundError: Not Found
    at createHttpError (/home/vjoli/.openclaw/workspace/node_modules/send/index.js:861:12)
    at SendStream.error (/home/vjoli/.openclaw/workspace/node_modules/send/index.js:168:31)
    at SendStream.pipe (/home/vjoli/.openclaw/workspace/node_modules/send/index.js:468:14)
    at sendfile (/home/vjoli/.openclaw/workspace/node_modules/express/lib/response.js:1014:8)
    at ServerResponse.sendFile (/home/vjoli/.openclaw/workspace/node_modules/express/lib/response.js:411:3)
    at /home/vjoli/.openclaw/workspace/fletorja/server.js:47:9
    at Layer.handleRequest (/home/vjoli/.openclaw/workspace/node_modules/router/lib/layer.js:152:17)
    at next (/home/vjoli/.openclaw/workspace/node_modules/router/lib/route.js:157:13)
    at Route.dispatch (/home/vjoli/.openclaw/workspace/node_modules/router/lib/route.js:117:3)
    at handle (/home/vjoli/.openclaw/workspace/node_modules/router/index.js:435:11)
NotFoundError: Not Found
    at createHttpError (/home/vjoli/.openclaw/workspace/node_modules/send/index.js:861:12)
    at SendStream.error (/home/vjoli/.openclaw/workspace/node_modules/send/index.js:168:31)
    at SendStream.pipe (/home/vjoli/.openclaw/workspace/node_modules/send/index.js:468:14)
    at sendfile (/home/vjoli/.openclaw/workspace/node_modules/express/lib/response.js:1014:8)
    at ServerResponse.sendFile (/home/vjoli/.openclaw/workspace/node_modules/express/lib/response.js:411:3)
    at /home/vjoli/.openclaw/workspace/fletorja/server.js:47:9
    at Layer.handleRequest (/home/vjoli/.openclaw/workspace/node_modules/router/lib/layer.js:152:17)
    at next (/home/vjoli/.openclaw/workspace/node_modules/router/lib/route.js:157:13)
    at Route.dispatch (/home/vjoli/.openclaw/workspace/node_modules/router/lib/route.js:117:3)
    at handle (/home/vjoli/.openclaw/workspace/node_modules/router/index.js:435:11)
NotFoundError: Not Found
    at createHttpError (/home/vjoli/.openclaw/workspace/node_modules/send/index.js:861:12)
    at SendStream.error (/home/vjoli/.openclaw/workspace/node_modules/send/index.js:168:31)
    at SendStream.pipe (/home/vjoli/.openclaw/workspace/node_modules/send/index.js:468:14)
    at sendfile (/home/vjoli/.openclaw/workspace/node_modules/express/lib/response.js:1014:8)
    at ServerResponse.sendFile (/home/vjoli/.openclaw/workspace/node_modules/express/lib/response.js:411:3)
    at /home/vjoli/.openclaw/workspace/fletorja/server.js:47:9
    at Layer.handleRequest (/home/vjoli/.openclaw/workspace/node_modules/router/lib/layer.js:152:17)
    at next (/home/vjoli/.openclaw/workspace/node_modules/router/lib/route.js:157:13)
    at Route.dispatch (/home/vjoli/.openclaw/workspace/node_modules/router/lib/route.js:117:3)
    at handle (/home/vjoli/.openclaw/workspace/node_modules/router/index.js:435:11)
NotFoundError: Not Found
    at createHttpError (/home/vjoli/.openclaw/workspace/node_modules/send/index.js:861:12)
    at SendStream.error (/home/vjoli/.openclaw/workspace/node_modules/send/index.js:168:31)
    at SendStream.pipe (/home/vjoli/.openclaw/workspace/node_modules/send/index.js:468:14)
    at sendfile (/home/vjoli/.openclaw/workspace/node_modules/express/lib/response.js:1014:8)
    at ServerResponse.sendFile (/home/vjoli/.openclaw/workspace/node_modules/express/lib/response.js:411:3)
    at /home/vjoli/.openclaw/workspace/fletorja/server.js:47:9
    at Layer.handleRequest (/home/vjoli/.openclaw/workspace/node_modules/router/lib/layer.js:152:17)
    at next (/home/vjoli/.openclaw/workspace/node_modules/router/lib/route.js:157:13)
    at Route.dispatch (/home/vjoli/.openclaw/workspace/node_modules/router/lib/route.js:117:3)
    at handle (/home/vjoli/.openclaw/workspace/node_modules/router/index.js:435:11)
NotFoundError: Not Found
    at createHttpError (/home/vjoli/.openclaw/workspace/node_modules/send/index.js:861:12)
    at SendStream.error (/home/vjoli/.openclaw/workspace/node_modules/send/index.js:168:31)
    at SendStream.pipe (/home/vjoli/.openclaw/workspace/node_modules/send/index.js:468:14)
    at sendfile (/home/vjoli/.openclaw/workspace/node_modules/express/lib/response.js:1014:8)
    at ServerResponse.sendFile (/home/vjoli/.openclaw/workspace/node_modules/express/lib/response.js:411:3)
    at /home/vjoli/.openclaw/workspace/fletorja/server.js:47:9
    at Layer.handleRequest (/home/vjoli/.openclaw/workspace/node_modules/router/lib/layer.js:152:17)
    at next (/home/vjoli/.openclaw/workspace/node_modules/router/lib/route.js:157:13)
    at Route.dispatch (/home/vjoli/.openclaw/workspace/node_modules/router/lib/route.js:117:3)
    at handle (/home/vjoli/.openclaw/workspace/node_modules/router/index.js:435:11)
NotFoundError: Not Found
    at createHttpError (/home/vjoli/.openclaw/workspace/node_modules/send/index.js:861:12)
    at SendStream.error (/home/vjoli/.openclaw/workspace/node_modules/send/index.js:168:31)
    at SendStream.pipe (/home/vjoli/.openclaw/workspace/node_modules/send/index.js:468:14)
    at sendfile (/home/vjoli/.openclaw/workspace/node_modules/express/lib/response.js:1014:8)
    at ServerResponse.sendFile (/home/vjoli/.openclaw/workspace/node_modules/express/lib/response.js:411:3)
    at /home/vjoli/.openclaw/workspace/fletorja/server.js:47:9
    at Layer.handleRequest (/home/vjoli/.openclaw/workspace/node_modules/router/lib/layer.js:152:17)
    at next (/home/vjoli/.openclaw/workspace/node_modules/router/lib/route.js:157:13)
    at Route.dispatch (/home/vjoli/.openclaw/workspace/node_modules/router/lib/route.js:117:3)
    at handle (/home/vjoli/.openclaw/workspace/node_modules/router/index.js:435:11)
NotFoundError: Not Found
    at createHttpError (/home/vjoli/.openclaw/workspace/node_modules/send/index.js:861:12)
    at SendStream.error (/home/vjoli/.openclaw/workspace/node_modules/send/index.js:168:31)
    at SendStream.pipe (/home/vjoli/.openclaw/workspace/node_modules/send/index.js:468:14)
    at sendfile (/home/vjoli/.openclaw/workspace/node_modules/express/lib/response.js:1014:8)
    at ServerResponse.sendFile (/home/vjoli/.openclaw/workspace/node_modules/express/lib/response.js:411:3)
    at /home/vjoli/.openclaw/workspace/fletorja/server.js:47:9
    at Layer.handleRequest (/home/vjoli/.openclaw/workspace/node_modules/router/lib/layer.js:152:17)
    at next (/home/vjoli/.openclaw/workspace/node_modules/router/lib/route.js:157:13)
    at Route.dispatch (/home/vjoli/.openclaw/workspace/node_modules/router/lib/route.js:117:3)
    at handle (/home/vjoli/.openclaw/workspace/node_modules/router/index.js:435:11)
NotFoundError: Not Found
    at createHttpError (/home/vjoli/.openclaw/workspace/node_modules/send/index.js:861:12)
    at SendStream.error (/home/vjoli/.openclaw/workspace/node_modules/send/index.js:168:31)
    at SendStream.pipe (/home/vjoli/.openclaw/workspace/node_modules/send/index.js:468:14)
    at sendfile (/home/vjoli/.openclaw/workspace/node_modules/express/lib/response.js:1014:8)
    at ServerResponse.sendFile (/home/vjoli/.openclaw/workspace/node_modules/express/lib/response.js:411:3)
    at /home/vjoli/.openclaw/workspace/fletorja/server.js:47:9
    at Layer.handleRequest (/home/vjoli/.openclaw/workspace/node_modules/router/lib/layer.js:152:17)
    at next (/home/vjoli/.openclaw/workspace/node_modules/router/lib/route.js:157:13)
    at Route.dispatch (/home/vjoli/.openclaw/workspace/node_modules/router/lib/route.js:117:3)
    at handle (/home/vjoli/.openclaw/workspace/node_modules/router/index.js:435:11)
NotFoundError: Not Found
    at createHttpError (/home/vjoli/.openclaw/workspace/node_modules/send/index.js:861:12)
    at SendStream.error (/home/vjoli/.openclaw/workspace/node_modules/send/index.js:168:31)
    at SendStream.pipe (/home/vjoli/.openclaw/workspace/node_modules/send/index.js:468:14)
    at sendfile (/home/vjoli/.openclaw/workspace/node_modules/express/lib/response.js:1014:8)
    at ServerResponse.sendFile (/home/vjoli/.openclaw/workspace/node_modules/express/lib/response.js:411:3)
    at /home/vjoli/.openclaw/workspace/fletorja/server.js:47:9
    at Layer.handleRequest (/home/vjoli/.openclaw/workspace/node_modules/router/lib/layer.js:152:17)
    at next (/home/vjoli/.openclaw/workspace/node_modules/router/lib/route.js:157:13)
    at Route.dispatch (/home/vjoli/.openclaw/workspace/node_modules/router/lib/route.js:117:3)
    at handle (/home/vjoli/.openclaw/workspace/node_modules/router/index.js:435:11)
NotFoundError: Not Found
    at createHttpError (/home/vjoli/.openclaw/workspace/node_modules/send/index.js:861:12)
    at SendStream.error (/home/vjoli/.openclaw/workspace/node_modules/send/index.js:168:31)
    at SendStream.pipe (/home/vjoli/.openclaw/workspace/node_modules/send/index.js:468:14)
    at sendfile (/home/vjoli/.openclaw/workspace/node_modules/express/lib/response.js:1014:8)
    at ServerResponse.sendFile (/home/vjoli/.openclaw/workspace/node_modules/express/lib/response.js:411:3)
    at /home/vjoli/.openclaw/workspace/fletorja/server.js:47:9
    at Layer.handleRequest (/home/vjoli/.openclaw/workspace/node_modules/router/lib/layer.js:152:17)
    at next (/home/vjoli/.openclaw/workspace/node_modules/router/lib/route.js:157:13)
    at Route.dispatch (/home/vjoli/.openclaw/workspace/node_modules/router/lib/route.js:117:3)
    at handle (/home/vjoli/.openclaw/workspace/node_modules/router/index.js:435:11)
NotFoundError: Not Found
    at createHttpError (/home/vjoli/.openclaw/workspace/node_modules/send/index.js:861:12)
    at SendStream.error (/home/vjoli/.openclaw/workspace/node_modules/send/index.js:168:31)
    at SendStream.pipe (/home/vjoli/.openclaw/workspace/node_modules/send/index.js:468:14)
    at sendfile (/home/vjoli/.openclaw/workspace/node_modules/express/lib/response.js:1014:8)
    at ServerResponse.sendFile (/home/vjoli/.openclaw/workspace/node_modules/express/lib/response.js:411:3)
    at /home/vjoli/.openclaw/workspace/fletorja/server.js:47:9
    at Layer.handleRequest (/home/vjoli/.openclaw/workspace/node_modules/router/lib/layer.js:152:17)
    at next (/home/vjoli/.openclaw/workspace/node_modules/router/lib/route.js:157:13)
    at Route.dispatch (/home/vjoli/.openclaw/workspace/node_modules/router/lib/route.js:117:3)
    at handle (/home/vjoli/.openclaw/workspace/node_modules/router/index.js:435:11)
NotFoundError: Not Found
    at createHttpError (/home/vjoli/.openclaw/workspace/node_modules/send/index.js:861:12)
    at SendStream.error (/home/vjoli/.openclaw/workspace/node_modules/send/index.js:168:31)
    at SendStream.pipe (/home/vjoli/.openclaw/workspace/node_modules/send/index.js:468:14)
    at sendfile (/home/vjoli/.openclaw/workspace/node_modules/express/lib/response.js:1014:8)
    at ServerResponse.sendFile (/home/vjoli/.openclaw/workspace/node_modules/express/lib/response.js:411:3)
    at /home/vjoli/.openclaw/workspace/fletorja/server.js:47:9
    at Layer.handleRequest (/home/vjoli/.openclaw/workspace/node_modules/router/lib/layer.js:152:17)
    at next (/home/vjoli/.openclaw/workspace/node_modules/router/lib/route.js:157:13)
    at Route.dispatch (/home/vjoli/.openclaw/workspace/node_modules/router/lib/route.js:117:3)
    at handle (/home/vjoli/.openclaw/workspace/node_modules/router/index.js:435:11)
NotFoundError: Not Found
    at createHttpError (/home/vjoli/.openclaw/workspace/node_modules/send/index.js:861:12)
    at SendStream.error (/home/vjoli/.openclaw/workspace/node_modules/send/index.js:168:31)
    at SendStream.pipe (/home/vjoli/.openclaw/workspace/node_modules/send/index.js:468:14)
    at sendfile (/home/vjoli/.openclaw/workspace/node_modules/express/lib/response.js:1014:8)
    at ServerResponse.sendFile (/home/vjoli/.openclaw/workspace/node_modules/express/lib/response.js:411:3)
    at /home/vjoli/.openclaw/workspace/fletorja/server.js:47:9
    at Layer.handleRequest (/home/vjoli/.openclaw/workspace/node_modules/router/lib/layer.js:152:17)
    at next (/home/vjoli/.openclaw/workspace/node_modules/router/lib/route.js:157:13)
    at Route.dispatch (/home/vjoli/.openclaw/workspace/node_modules/router/lib/route.js:117:3)
    at handle (/home/vjoli/.openclaw/workspace/node_modules/router/index.js:435:11)
NotFoundError: Not Found
    at createHttpError (/home/vjoli/.openclaw/workspace/node_modules/send/index.js:861:12)
    at SendStream.error (/home/vjoli/.openclaw/workspace/node_modules/send/index.js:168:31)
    at SendStream.pipe (/home/vjoli/.openclaw/workspace/node_modules/send/index.js:468:14)
    at sendfile (/home/vjoli/.openclaw/workspace/node_modules/express/lib/response.js:1014:8)
    at ServerResponse.sendFile (/home/vjoli/.openclaw/workspace/node_modules/express/lib/response.js:411:3)
    at /home/vjoli/.openclaw/workspace/fletorja/server.js:47:9
    at Layer.handleRequest (/home/vjoli/.openclaw/workspace/node_modules/router/lib/layer.js:152:17)
    at next (/home/vjoli/.openclaw/workspace/node_modules/router/lib/route.js:157:13)
    at Route.dispatch (/home/vjoli/.openclaw/workspace/node_modules/router/lib/route.js:117:3)
    at handle (/home/vjoli/.openclaw/workspace/node_modules/router/index.js:435:11)
NotFoundError: Not Found
    at createHttpError (/home/vjoli/.openclaw/workspace/node_modules/send/index.js:861:12)
    at SendStream.error (/home/vjoli/.openclaw/workspace/node_modules/send/index.js:168:31)
    at SendStream.pipe (/home/vjoli/.openclaw/workspace/node_modules/send/index.js:468:14)
    at sendfile (/home/vjoli/.openclaw/workspace/node_modules/express/lib/response.js:1014:8)
    at ServerResponse.sendFile (/home/vjoli/.openclaw/workspace/node_modules/express/lib/response.js:411:3)
    at /home/vjoli/.openclaw/workspace/fletorja/server.js:47:9
    at Layer.handleRequest (/home/vjoli/.openclaw/workspace/node_modules/router/lib/layer.js:152:17)
    at next (/home/vjoli/.openclaw/workspace/node_modules/router/lib/route.js:157:13)
    at Route.dispatch (/home/vjoli/.openclaw/workspace/node_modules/router/lib/route.js:117:3)
    at handle (/home/vjoli/.openclaw/workspace/node_modules/router/index.js:435:11)
NotFoundError: Not Found
    at createHttpError (/home/vjoli/.openclaw/workspace/node_modules/send/index.js:861:12)
    at SendStream.error (/home/vjoli/.openclaw/workspace/node_modules/send/index.js:168:31)
    at SendStream.pipe (/home/vjoli/.openclaw/workspace/node_modules/send/index.js:468:14)
    at sendfile (/home/vjoli/.openclaw/workspace/node_modules/express/lib/response.js:1014:8)
    at ServerResponse.sendFile (/home/vjoli/.openclaw/workspace/node_modules/express/lib/response.js:411:3)
    at /home/vjoli/.openclaw/workspace/fletorja/server.js:47:9
    at Layer.handleRequest (/home/vjoli/.openclaw/workspace/node_modules/router/lib/layer.js:152:17)
    at next (/home/vjoli/.openclaw/workspace/node_modules/router/lib/route.js:157:13)
    at Route.dispatch (/home/vjoli/.openclaw/workspace/node_modules/router/lib/route.js:117:3)
    at handle (/home/vjoli/.openclaw/workspace/node_modules/router/index.js:435:11)
NotFoundError: Not Found
    at createHttpError (/home/vjoli/.openclaw/workspace/node_modules/send/index.js:861:12)
    at SendStream.error (/home/vjoli/.openclaw/workspace/node_modules/send/index.js:168:31)
    at SendStream.pipe (/home/vjoli/.openclaw/workspace/node_modules/send/index.js:468:14)
    at sendfile (/home/vjoli/.openclaw/workspace/node_modules/express/lib/response.js:1014:8)
    at ServerResponse.sendFile (/home/vjoli/.openclaw/workspace/node_modules/express/lib/response.js:411:3)
    at /home/vjoli/.openclaw/workspace/fletorja/server.js:47:9
    at Layer.handleRequest (/home/vjoli/.openclaw/workspace/node_modules/router/lib/layer.js:152:17)
    at next (/home/vjoli/.openclaw/workspace/node_modules/router/lib/route.js:157:13)
    at Route.dispatch (/home/vjoli/.openclaw/workspace/node_modules/router/lib/route.js:117:3)
    at handle (/home/vjoli/.openclaw/workspace/node_modules/router/index.js:435:11)
NotFoundError: Not Found
    at createHttpError (/home/vjoli/.openclaw/workspace/node_modules/send/index.js:861:12)
    at SendStream.error (/home/vjoli/.openclaw/workspace/node_modules/send/index.js:168:31)
    at SendStream.pipe (/home/vjoli/.openclaw/workspace/node_modules/send/index.js:468:14)
    at sendfile (/home/vjoli/.openclaw/workspace/node_modules/express/lib/response.js:1014:8)
    at ServerResponse.sendFile (/home/vjoli/.openclaw/workspace/node_modules/express/lib/response.js:411:3)
    at /home/vjoli/.openclaw/workspace/fletorja/server.js:47:9
    at Layer.handleRequest (/home/vjoli/.openclaw/workspace/node_modules/router/lib/layer.js:152:17)
    at next (/home/vjoli/.openclaw/workspace/node_modules/router/lib/route.js:157:13)
    at Route.dispatch (/home/vjoli/.openclaw/workspace/node_modules/router/lib/route.js:117:3)
    at handle (/home/vjoli/.openclaw/workspace/node_modules/router/index.js:435:11)
